Build started 4/21/2016 1:29:19 PM.
     1>Project "P:\Visual Studio 2013\Projects\lbp421\lbp421\lbp421.vcxproj" on node 2 (Build target(s)).
     1>ClCompile:
         C:\Program Files (x86)\Microsoft Visual Studio 12.0\VC\bin\CL.exe /c /ZI /nologo /W3 /WX- /sdl /Od /Oy- /D WIN32 /D _DEBUG /D _CONSOLE /D _LIB /D _UNICODE /D UNICODE /Gm /EHsc /RTC1 /MDd /GS /fp:precise /Zc:wchar_t /Zc:forScope /Fo"Debug\\" /Fd"Debug\vc120.pdb" /Gd /TP /analyze- /errorReport:prompt lbp.cpp
         lbp.cpp
     1>p:\visual studio 2013\projects\lbp421\lbp421\lbp.cpp(109): error C2086: 'std::ofstream ofs' : redefinition
                 p:\visual studio 2013\projects\lbp421\lbp421\lbp.cpp(19) : see declaration of 'ofs'
     1>Done Building Project "P:\Visual Studio 2013\Projects\lbp421\lbp421\lbp421.vcxproj" (Build target(s)) -- FAILED.

Build FAILED.

Time Elapsed 00:00:01.48
